<?xml version="1.0" encoding="UTF-8"?>
<!-- Generated by org.testng.reporters.JUnitReportReporter -->
<testsuite skipped="0" hostname="INDMR40G2X42TJF" name="com.naukri.MavenProject.ExcelCall1" tests="1" failures="0" timestamp="26 Aug 2018 04:45:47 GMT" time="0.024" errors="0">
  <testcase name="ReadFromExcelFile" time="0.024" classname="com.naukri.MavenProject.ExcelCall1"/>
</testsuite> <!-- com.naukri.MavenProject.ExcelCall1 -->
