<?xml version="1.0" encoding="UTF-8"?>
<!-- Generated by org.testng.reporters.JUnitReportReporter -->
<testsuite skipped="0" hostname="INDMR40G2X42TJF" name="com.naukri.MavenProject.UpdateInfoTest" tests="1" failures="0" timestamp="13 Aug 2018 06:13:29 GMT" time="6.025" errors="0">
  <testcase name="UpdateProfile" time="6.025" classname="com.naukri.MavenProject.UpdateInfoTest"/>
</testsuite> <!-- com.naukri.MavenProject.UpdateInfoTest -->
