<?xml version="1.0" encoding="UTF-8"?>
<!-- Generated by org.testng.reporters.JUnitReportReporter -->
<testsuite skipped="0" hostname="DIP-PC" name="PracticeThis.BaseClass" tests="1" failures="0" timestamp="20 Sep 2018 18:12:28 GMT" time="0.020" errors="0">
  <testcase name="addmethod" time="0.020" classname="PracticeThis.BaseClass"/>
</testsuite> <!-- PracticeThis.BaseClass -->
