<?xml version="1.0" encoding="UTF-8"?>
<!-- Generated by org.testng.reporters.JUnitReportReporter -->
<testsuite skipped="0" hostname="INDMR40G2X42TJF" name="com.naukri.MavenProject.App_Test" tests="1" failures="0" timestamp="30 Jul 2018 10:46:46 GMT" time="0.022" errors="0">
  <testcase name="kuchbhi" time="0.022" classname="com.naukri.MavenProject.App_Test"/>
</testsuite> <!-- com.naukri.MavenProject.App_Test -->
