<?xml version="1.0" encoding="UTF-8"?>
<!-- Generated by org.testng.reporters.JUnitReportReporter -->
<testsuite skipped="0" hostname="DIP-PC" name="com.naukri.TestScripts.test" tests="3" failures="0" timestamp="13 Sep 2018 19:17:17 GMT" time="0.037" errors="0">
  <testcase name="test1" time="0.031" classname="com.naukri.TestScripts.test"/>
  <testcase name="test2" time="0.003" classname="com.naukri.TestScripts.test"/>
  <testcase name="test3" time="0.003" classname="com.naukri.TestScripts.test"/>
</testsuite> <!-- com.naukri.TestScripts.test -->
