<?xml version="1.0" encoding="UTF-8"?>
<!-- Generated by org.testng.reporters.JUnitReportReporter -->
<testsuite skipped="0" hostname="DIP-PC" name="com.naukri.Pages.BrowserInvoke" tests="1" failures="0" timestamp="15 Sep 2018 10:53:50 GMT" time="0.013" errors="0">
  <testcase name="result" time="0.013" classname="com.naukri.Pages.BrowserInvoke"/>
</testsuite> <!-- com.naukri.Pages.BrowserInvoke -->
