<?xml version="1.0" encoding="UTF-8"?>
<!-- Generated by org.testng.reporters.JUnitReportReporter -->
<testsuite skipped="0" hostname="DIP-PC" name="PracticeThis.InvokeBase" tests="1" failures="0" timestamp="07 Oct 2018 06:22:39 GMT" time="21.422" errors="0">
  <testcase name="Test1" time="21.422" classname="PracticeThis.InvokeBase"/>
</testsuite> <!-- PracticeThis.InvokeBase -->
