<?xml version="1.0" encoding="UTF-8"?>
<!-- Generated by org.testng.reporters.JUnitReportReporter -->
<testsuite skipped="0" hostname="DIP-PC" name="com.naukri.MavenProject.World" tests="1" failures="0" timestamp="06 Sep 2018 19:18:47 GMT" time="0.012" errors="0">
  <testcase name="Trial" time="0.012" classname="com.naukri.MavenProject.World"/>
</testsuite> <!-- com.naukri.MavenProject.World -->
