<?xml version="1.0" encoding="UTF-8"?>
<!-- Generated by org.testng.reporters.JUnitReportReporter -->
<testsuite skipped="0" hostname="INDMR40G2X42TJF" name="com.naukri.Pages.nLogin" tests="1" failures="0" timestamp="31 Jul 2018 11:48:23 GMT" time="8.535" errors="0">
  <testcase name="loginApplication" time="8.535" classname="com.naukri.Pages.nLogin"/>
</testsuite> <!-- com.naukri.Pages.nLogin -->
